<?xml version="1.0" encoding="UTF-8"?>
<!-- Generated by org.testng.reporters.JUnitXMLReporter -->
<testsuite hostname="sandeeps7" ignored="0" name="Default test" tests="4" failures="0" timestamp="14 Jun 2017 11:51:05 GMT" time="68.797" errors="0">
  <testcase name="preRequisite" time="11.858" classname="testcases.NewTest"/>
  <testcase name="verifyMoviesCount" time="6.795" classname="testcases.NewTest"/>
  <testcase name="verifyMovieReleaseYear" time="11.926" classname="testcases.NewTest"/>
  <testcase name="verifyMovieRating" time="13.172" classname="testcases.NewTest"/>
</testsuite> <!-- Default test -->
