<?xml version="1.0" encoding="UTF-8"?>
<!-- Generated by org.testng.reporters.JUnitXMLReporter -->
<testsuite hostname="sandeeps7" ignored="0" name="Default test" tests="8" failures="0" timestamp="16 Jun 2017 10:51:34 GMT" time="392.953" errors="0">
  <testcase name="preRequisite" time="211.414" classname="testcases.IMDBTest"/>
  <testcase name="verifyMoviesCount" time="10.716" classname="testcases.IMDBTest"/>
  <testcase name="verifyMovieReleaseYear" time="9.713" classname="testcases.IMDBTest"/>
  <testcase name="verifyMovieRating" time="10.397" classname="testcases.IMDBTest"/>
  <testcase name="verifyDuplicateMovieData" time="12.843" classname="testcases.IMDBTest"/>
  <testcase name="verifyRankingSorting" time="22.547" classname="testcases.IMDBTest"/>
  <testcase name="verifyRatingSorting" time="25.459" classname="testcases.IMDBTest"/>
  <testcase name="verifyReleaseDateSorting" time="38.611" classname="testcases.IMDBTest"/>
</testsuite> <!-- Default test -->
