<?xml version="1.0" encoding="UTF-8"?>
<testng-results skipped="0" failed="0" ignored="0" total="4" passed="4">
  <reporter-output>
  </reporter-output>
  <suite name="Default suite" duration-ms="68797" started-at="2017-06-14T11:49:57Z" finished-at="2017-06-14T11:51:05Z">
    <groups>
    </groups>
    <test name="Default test" duration-ms="68797" started-at="2017-06-14T11:49:57Z" finished-at="2017-06-14T11:51:05Z">
      <class name="testcases.NewTest">
        <test-method status="PASS" signature="setUp()[pri:0, instance:testcases.NewTest@3bfdc050]" name="setUp" is-config="true" duration-ms="6757" started-at="2017-06-14T17:19:57Z" finished-at="2017-06-14T17:20:03Z">
          <reporter-output>
          </reporter-output>
        </test-method> <!-- setUp -->
        <test-method status="PASS" signature="preRequisite()[pri:0, instance:testcases.NewTest@3bfdc050]" name="preRequisite" duration-ms="11858" started-at="2017-06-14T17:20:03Z" finished-at="2017-06-14T17:20:15Z">
          <reporter-output>
          </reporter-output>
        </test-method> <!-- preRequisite -->
        <test-method status="PASS" signature="setUp()[pri:0, instance:testcases.NewTest@3bfdc050]" name="setUp" is-config="true" duration-ms="4818" started-at="2017-06-14T17:20:15Z" finished-at="2017-06-14T17:20:20Z">
          <reporter-output>
          </reporter-output>
        </test-method> <!-- setUp -->
        <test-method status="PASS" signature="tearDown()[pri:0, instance:testcases.NewTest@3bfdc050]" name="tearDown" is-config="true" duration-ms="0" started-at="2017-06-14T17:20:15Z" finished-at="2017-06-14T17:20:15Z">
          <reporter-output>
          </reporter-output>
        </test-method> <!-- tearDown -->
        <test-method status="PASS" signature="verifyMoviesCount()[pri:1, instance:testcases.NewTest@3bfdc050]" name="verifyMoviesCount" duration-ms="6795" started-at="2017-06-14T17:20:20Z" finished-at="2017-06-14T17:20:27Z">
          <reporter-output>
          </reporter-output>
        </test-method> <!-- verifyMoviesCount -->
        <test-method status="PASS" signature="tearDown()[pri:0, instance:testcases.NewTest@3bfdc050]" name="tearDown" is-config="true" duration-ms="1435" started-at="2017-06-14T17:20:27Z" finished-at="2017-06-14T17:20:28Z">
          <reporter-output>
          </reporter-output>
        </test-method> <!-- tearDown -->
        <test-method status="PASS" signature="setUp()[pri:0, instance:testcases.NewTest@3bfdc050]" name="setUp" is-config="true" duration-ms="4285" started-at="2017-06-14T17:20:28Z" finished-at="2017-06-14T17:20:33Z">
          <reporter-output>
          </reporter-output>
        </test-method> <!-- setUp -->
        <test-method status="PASS" signature="verifyMovieReleaseYear()[pri:2, instance:testcases.NewTest@3bfdc050]" name="verifyMovieReleaseYear" duration-ms="11926" started-at="2017-06-14T17:20:33Z" finished-at="2017-06-14T17:20:45Z">
          <reporter-output>
          </reporter-output>
        </test-method> <!-- verifyMovieReleaseYear -->
        <test-method status="PASS" signature="tearDown()[pri:0, instance:testcases.NewTest@3bfdc050]" name="tearDown" is-config="true" duration-ms="1112" started-at="2017-06-14T17:20:45Z" finished-at="2017-06-14T17:20:46Z">
          <reporter-output>
          </reporter-output>
        </test-method> <!-- tearDown -->
        <test-method status="PASS" signature="setUp()[pri:0, instance:testcases.NewTest@3bfdc050]" name="setUp" is-config="true" duration-ms="5287" started-at="2017-06-14T17:20:46Z" finished-at="2017-06-14T17:20:51Z">
          <reporter-output>
          </reporter-output>
        </test-method> <!-- setUp -->
        <test-method status="PASS" signature="verifyMovieRating()[pri:3, instance:testcases.NewTest@3bfdc050]" name="verifyMovieRating" duration-ms="13172" started-at="2017-06-14T17:20:51Z" finished-at="2017-06-14T17:21:04Z">
          <reporter-output>
          </reporter-output>
        </test-method> <!-- verifyMovieRating -->
        <test-method status="PASS" signature="tearDown()[pri:0, instance:testcases.NewTest@3bfdc050]" name="tearDown" is-config="true" duration-ms="1328" started-at="2017-06-14T17:21:04Z" finished-at="2017-06-14T17:21:05Z">
          <reporter-output>
          </reporter-output>
        </test-method> <!-- tearDown -->
        <test-method status="PASS" signature="deleteDB()[pri:0, instance:testcases.NewTest@3bfdc050]" name="deleteDB" is-config="true" duration-ms="0" started-at="2017-06-14T17:21:05Z" finished-at="2017-06-14T17:21:05Z">
          <reporter-output>
          </reporter-output>
        </test-method> <!-- deleteDB -->
      </class> <!-- testcases.NewTest -->
    </test> <!-- Default test -->
  </suite> <!-- Default suite -->
</testng-results>
